\BOOKMARK [0][-]{chapter.1}{Introduction}{}% 1
\BOOKMARK [0][-]{chapter.2}{Identifying reference genes with stable expression from high throughput sequence data}{}% 2
\BOOKMARK [1][-]{section.2.1}{Abstract}{chapter.2}% 3
\BOOKMARK [1][-]{section.2.2}{Introduction}{chapter.2}% 4
\BOOKMARK [1][-]{section.2.3}{Materials and Methods}{chapter.2}% 5
\BOOKMARK [2][-]{subsection.2.3.1}{Culturing and Transcriptome Data Collection}{section.2.3}% 6
\BOOKMARK [2][-]{subsection.2.3.2}{Reference gene identification}{section.2.3}% 7
\BOOKMARK [1][-]{section.2.4}{Results}{chapter.2}% 8
\BOOKMARK [1][-]{section.2.5}{Discussion}{chapter.2}% 9
\BOOKMARK [1][-]{section.2.6}{Figues}{chapter.2}% 10
\BOOKMARK [0][-]{chapter.3}{Metatranscriptome analyses indicate resource partitioning between diatoms in the field}{}% 11
\BOOKMARK [1][-]{section.3.1}{Abstract}{chapter.3}% 12
\BOOKMARK [1][-]{section.3.2}{Introduction}{chapter.3}% 13
\BOOKMARK [1][-]{section.3.3}{Materials and Methods}{chapter.3}% 14
\BOOKMARK [2][-]{subsection.3.3.1}{Experimental set up and sample collection}{section.3.3}% 15
\BOOKMARK [2][-]{subsection.3.3.2}{RNA extraction and sequencing}{section.3.3}% 16
\BOOKMARK [2][-]{subsection.3.3.3}{Transcriptome and genome mapping}{section.3.3}% 17
\BOOKMARK [2][-]{subsection.3.3.4}{Transcriptome clustering}{section.3.3}% 18
\BOOKMARK [2][-]{subsection.3.3.5}{Identification of stable and nutrient-responsive genes}{section.3.3}% 19
\BOOKMARK [2][-]{subsection.3.3.6}{Normalization of metatranscriptome data}{section.3.3}% 20
\BOOKMARK [1][-]{section.3.4}{Results and Discussion}{chapter.3}% 21
\BOOKMARK [2][-]{subsection.3.4.1}{Samples and sequencing}{section.3.4}% 22
\BOOKMARK [2][-]{subsection.3.4.2}{Temporal plasticity in expressed metabolic capacity}{section.3.4}% 23
\BOOKMARK [2][-]{subsection.3.4.3}{Species-specific resource utilization underpins physiological ecology}{section.3.4}% 24
\BOOKMARK [2][-]{subsection.3.4.4}{Identification and modulation of resource responsive genes in situ highlights species-specific differences}{section.3.4}% 25
\BOOKMARK [0][-]{chapter.4}{Functional group-specific traits drive phytoplankton dynamics in the oligotrophic ocean}{}% 26
\BOOKMARK [1][-]{section.4.1}{Abstract}{chapter.4}% 27
\BOOKMARK [1][-]{section.4.2}{Introduction}{chapter.4}% 28
\BOOKMARK [1][-]{section.4.3}{Results and Discussion}{chapter.4}% 29
\BOOKMARK [1][-]{section.4.4}{Materials and Methods}{chapter.4}% 30
\BOOKMARK [2][-]{subsection.4.4.1}{Sample collection}{section.4.4}% 31
\BOOKMARK [2][-]{subsection.4.4.2}{RNA extraction and sequencing}{section.4.4}% 32
\BOOKMARK [2][-]{subsection.4.4.3}{Genome database creation and mapping}{section.4.4}% 33
\BOOKMARK [2][-]{subsection.4.4.4}{MMETSP database creation and mapping}{section.4.4}% 34
\BOOKMARK [2][-]{subsection.4.4.5}{Differential expression analysis}{section.4.4}% 35
\BOOKMARK [2][-]{subsection.4.4.6}{Variable transcript allocation modeling}{section.4.4}% 36
\BOOKMARK [0][-]{appendix.A}{Supplemental Information}{}% 37
\BOOKMARK [1][-]{section.A.1}{Appendix for Chapter 2}{appendix.A}% 38
\BOOKMARK [2][-]{subsection.A.1.1}{Supplemental Figures}{section.A.1}% 39
\BOOKMARK [1][-]{section.A.2}{Appendix for Chapter 3}{appendix.A}% 40
\BOOKMARK [2][-]{subsection.A.2.1}{Supplemental Figures}{section.A.2}% 41
